Job launching after 0.45 seconds in submission.
Running python job.
Changed into dir /home/toor/Desktop/HPOptim
Importing model.py
Running model.main()
Got result 0.245203614235
Completed successfully in 0.22 seconds. [{u'main': 0.24520361423492432}]
launch!
Anything printed here will end up in the output directory for job #4
Blank
1.0
numHidden1
8.0
# StochasticGradient: training
# StochasticGradient: you have reached the maximum number of iterations
# training error = 0.01414668593754
Test MSE:0.24235861020231
Test MSE:0.39156349652468
Test MSE:4.7921985222767
Test MSE:5.4776686225246
Test MSE:0.34756566796706
Test MSE:0.029764887906768
Test MSE:1.2329720409826
Test MSE:0.19886918831409
Test MSE:0.065848086516615
Test MSE:5.7223375566872e-06
The computed cost is : 0.245204
Launcher launching!
