Job launching after 0.45 seconds in submission.
Running python job.
Changed into dir /home/toor/Desktop/HPOptim
Importing model.py
Running model.main()
Got result 0.170044675469
Completed successfully in 0.15 seconds. [{u'main': 0.1700446754693985}]
launch!
Anything printed here will end up in the output directory for job #8
Blank
2.0
numHidden1
0.0
# StochasticGradient: training
# StochasticGradient: you have reached the maximum number of iterations
# training error = 0.017925484899318
Test MSE:0.18834466066374
Test MSE:0.32198585352716
Test MSE:4.540294563611
Test MSE:5.2081155025405
Test MSE:0.28221023085951
Test MSE:0.013044532178691
Test MSE:1.1068731012695
Test MSE:0.15026100480677
Test MSE:0.039321480699133
Test MSE:0.0031270724283302
The computed cost is : 0.170045
Launcher launching!
