Job launching after 0.45 seconds in submission.
Running python job.
Changed into dir /home/toor/Desktop/HPOptim
Importing model.py
Running model.main()
Got result 0.0125620765612
Completed successfully in 0.26 seconds. [{u'main': 0.012562076561152935}]
launch!
Anything printed here will end up in the output directory for job #12
Blank
2.0
numHidden1
2.0
# StochasticGradient: training
# StochasticGradient: you have reached the maximum number of iterations
# training error = 0.020012522656164
Test MSE:0.096783213399723
Test MSE:0.19762562956416
Test MSE:4.0317016297373
Test MSE:4.6623288972204
Test MSE:0.16674784265299
Test MSE:7.5242934200828e-05
Test MSE:0.86340044460536
Test MSE:0.070091616465886
Test MSE:0.0056865950918502
Test MSE:0.031972001653001
The computed cost is : 0.012562
Launcher launching!
