Job launching after 0.43 seconds in submission.
Running python job.
Changed into dir /home/toor/Desktop/HPOptim
Importing model.py
Running model.main()
Got result -0.00166123488452
Completed successfully in 0.24 seconds. [{u'main': -0.0016612348845228553}]
launch!
Anything printed here will end up in the output directory for job #6
Blank
2.0
numHidden1
1.0
# StochasticGradient: training
# StochasticGradient: you have reached the maximum number of iterations
# training error = 0.02413892350596
Test MSE:0.089910771722818
Test MSE:0.18775087153903
Test MSE:3.9866551896377
Test MSE:4.6138778433188
Test MSE:0.15768756981432
Test MSE:0.00039692691113562
Test MSE:0.84262243835063
Test MSE:0.064261974801275
Test MSE:0.004116603096374
Test MSE:0.036121252519109
The computed cost is : -0.001661
Launcher launching!
