Job launching after 0.53 seconds in submission.
Running python job.
Changed into dir /home/toor/Desktop/HPOptim
Importing model.py
Running model.main()
Got result 0.309576779604
Completed successfully in 0.28 seconds. [{u'main': 0.30957677960395813}]
launch!
Anything printed here will end up in the output directory for job #7
Blank
2.0
numHidden1
10.0
# StochasticGradient: training
# StochasticGradient: you have reached the maximum number of iterations
# training error = 0.012047381138428
Test MSE:0.29422315107887
Test MSE:0.45680626264622
Test MSE:5.0141651743788
Test MSE:5.7148061244077
Test MSE:0.40917911425038
Test MSE:0.049572635869245
Test MSE:1.3467993311179
Test MSE:0.24608704581961
Test MSE:0.094085081871479
Test MSE:0.0027579551429474
The computed cost is : 0.309577
Launcher launching!
