Job launching after 0.65 seconds in submission.
Running python job.
Changed into dir /home/toor/Desktop/HPOptim
Importing model.py
Running model.main()
Got result 0.133327633142
Completed successfully in 0.20 seconds. [{u'main': 0.1333276331424713}]
launch!
Anything printed here will end up in the output directory for job #14
Blank
2.0
numHidden1
0.0
# StochasticGradient: training
# StochasticGradient: you have reached the maximum number of iterations
# training error = 0.016750469661808
Test MSE:0.16442683302811
Test MSE:0.29046367902441
Test MSE:4.4196886153239
Test MSE:5.0788862576733
Test MSE:0.2527510061454
Test MSE:0.0073481777431502
Test MSE:1.0477348890481
Test MSE:0.12898440883588
Test MSE:0.028833838942089
Test MSE:0.0071252814253041
The computed cost is : 0.133328
Launcher launching!
