Job launching after 0.46 seconds in submission.
Running python job.
Changed into dir /home/toor/Desktop/HPOptim
Importing model.py
Running model.main()
Got result -0.0910274758935
Completed successfully in 0.24 seconds. [{u'main': -0.09102747589349747}]
launch!
Anything printed here will end up in the output directory for job #5
Blank
2.0
numHidden1
3.0
# StochasticGradient: training
# StochasticGradient: you have reached the maximum number of iterations
# training error = 0.02849174124862
Test MSE:0.051996301804021
Test MSE:0.13066635408401
Test MSE:3.7049964637736
Test MSE:4.3104803661526
Test MSE:0.10580361017238
Test MSE:0.0084175666775446
Test MSE:0.71591974525471
Test MSE:0.033005872451978
Test MSE:5.8729439099774e-05
Test MSE:0.068581235347009
The computed cost is : -0.091027
Launcher launching!
