Job launching after 0.43 seconds in submission.
Running python job.
Changed into dir /home/toor/Desktop/HPOptim
Importing model.py
Running model.main()
Got result -0.11871419847
Completed successfully in 0.22 seconds. [{u'main': -0.11871419847011566}]
launch!
Anything printed here will end up in the output directory for job #11
Blank
2.0
numHidden1
3.0
# StochasticGradient: training
# StochasticGradient: you have reached the maximum number of iterations
# training error = 0.029500051049442
Test MSE:0.042119781751947
Test MSE:0.11470555269479
Test MSE:3.6177592264524
Test MSE:4.2163435800123
Test MSE:0.091493386685218
Test MSE:0.013120151348589
Test MSE:0.67786319444295
Test MSE:0.025242616932111
Test MSE:0.00092777777355457
Test MSE:0.081040495560997
The computed cost is : -0.118714
Launcher launching!
