Job launching after 0.48 seconds in submission.
Running python job.
Changed into dir /home/toor/Desktop/HPOptim
Importing model.py
Running model.main()
Got result 0.194504857063
Completed successfully in 0.23 seconds. [{u'main': 0.19450485706329346}]
launch!
Anything printed here will end up in the output directory for job #3
Blank
2.0
numHidden1
10.0
# StochasticGradient: training
# StochasticGradient: you have reached the maximum number of iterations
# training error = 0.017991523688091
Test MSE:0.20516905504023
Test MSE:0.34387310599917
Test MSE:4.6214924331765
Test MSE:5.2950546313705
Test MSE:0.30272400284455
Test MSE:0.017737347773324
Test MSE:1.1471466902111
Test MSE:0.16532690744826
Test MSE:0.047204262273413
Test MSE:0.001365395636653
The computed cost is : 0.194505
Launcher launching!
