Job launching after 0.52 seconds in submission.
Running python job.
Changed into dir /home/toor/Desktop/HPOptim
Importing model.py
Running model.main()
Got result -0.201154977083
Completed successfully in 0.22 seconds. [{u'main': -0.20115497708320618}]
launch!
Anything printed here will end up in the output directory for job #13
Blank
2.0
numHidden1
6.0
# StochasticGradient: training
# StochasticGradient: you have reached the maximum number of iterations
# training error = 0.035035703513097
Test MSE:0.01822493080974
Test MSE:0.072065821805454
Test MSE:3.3555260611757
Test MSE:3.9328538016474
Test MSE:0.053938871765222
Test MSE:0.034141627023748
Test MSE:0.56714933165273
Test MSE:0.0078584593253437
Test MSE:0.010138626289917
Test MSE:0.12595928034865
The computed cost is : -0.201155
Launcher launching!
