Job launching after 0.69 seconds in submission.
Running python job.
Changed into dir /home/toor/Desktop/HPOptim
Importing model.py
Running model.main()
Got result 0.258900493383
Completed successfully in 0.26 seconds. [{u'main': 0.2589004933834076}]
launch!
Anything printed here will end up in the output directory for job #15
Blank
1.0
numHidden1
10.0
# StochasticGradient: training
# StochasticGradient: you have reached the maximum number of iterations
# training error = 0.011391518323827
Test MSE:0.25295238819841
Test MSE:0.40499829046559
Test MSE:4.8389153884543
Test MSE:5.5276071885417
Test MSE:0.36022973519794
Test MSE:0.033551046944417
Test MSE:1.2567243026643
Test MSE:0.20847619106117
Test MSE:0.07142429063169
Test MSE:0.00016995173798886
The computed cost is : 0.258900
Launcher launching!
