Job launching after 0.12 seconds in submission.
Running python job.
Changed into dir /home/toor/Desktop/HPOptim
Importing model.py
Running model.main()
Got result 0.17333664
Completed successfully in 0.06 seconds. [{u'main': 0.17333664000034332}]
launch!
Anything printed here will end up in the output directory for job #2
Blank
1.0
numHidden1
5.0
# StochasticGradient: training
# StochasticGradient: you have reached the maximum number of iterations
# training error = 0.014770187394459
Test MSE:0.19056718908022
Test MSE:0.32488980535137
Test MSE:4.5511812876266
Test MSE:5.2197749577643
Test MSE:0.28492932232693
Test MSE:0.013634239449748
Test MSE:1.1122517185527
Test MSE:0.1522468531884
Test MSE:0.040340533894444
Test MSE:0.0028480525666
The computed cost is : 0.173337
Launcher launching!
